<?xml version="1.0" encoding="UTF-8"?>
<Site BuildName="(empty)"
	BuildStamp="20231012-0806-Experimental"
	Name="lab318-001"
	Generator="ctest-3.25.0"
	CompilerName="/usr/bin/g++"
	CompilerVersion="9.4.0"
	OSName="Linux"
	Hostname="lab318-001"
	OSRelease="5.15.0-86-generic"
	OSVersion="#96~20.04.1-Ubuntu SMP Thu Sep 21 13:23:37 UTC 2023"
	OSPlatform="x86_64"
	Is64Bits="1"
	VendorString="GenuineIntel"
	VendorID="Intel Corporation"
	FamilyID="6"
	ModelID="63"
	ProcessorCacheSize="30720"
	NumberOfLogicalCPU="48"
	NumberOfPhysicalCPU="24"
	TotalVirtualMemory="2047"
	TotalPhysicalMemory="128774"
	LogicalProcessorsPerPhysical="2"
	ProcessorClockFrequency="1200"
	>
	<Testing>
		<StartDateTime>Oct 12 16:06 CST</StartDateTime>
		<StartTestTime>1697097988</StartTestTime>
		<TestList/>
		<EndDateTime>Oct 12 16:06 CST</EndDateTime>
		<EndTestTime>1697097988</EndTestTime>
		<ElapsedMinutes>0</ElapsedMinutes>
	</Testing>
</Site>
